# Logfile created on Wed Mar 04 22:19:58 -0500 2009 by /
  [4;36;1mSQL (0.2ms)[0m   [0;1mselect sqlite_version(*)[0m
  [4;35;1mSQL (0.7ms)[0m   [0m SELECT name
 FROM sqlite_master
 WHERE type = 'table' AND NOT name = 'sqlite_sequence'
[0m
  [4;36;1mSQL (13.0ms)[0m   [0;1mDROP TABLE "test_dummies"[0m
  [4;35;1mSQL (2.5ms)[0m   [0mCREATE TABLE "test_dummies" ("id" INTEGER PRIMARY KEY AUTOINCREMENT NOT NULL, "name" varchar(255)) [0m
  [4;36;1mSQL (0.6ms)[0m   [0;1m SELECT name
 FROM sqlite_master
 WHERE type = 'table' AND NOT name = 'sqlite_sequence'
[0m
  [4;35;1mSQL (2.1ms)[0m   [0mDROP TABLE "test_dummy_attributes"[0m
  [4;36;1mSQL (2.6ms)[0m   [0;1mCREATE TABLE "test_dummy_attributes" ("name" varchar(255), "value" varchar(255), "test_dummy_id" integer) [0m
  [4;35;1mSQL (5.3ms)[0m   [0m SELECT name
 FROM sqlite_master
 WHERE type = 'table' AND NOT name = 'sqlite_sequence'
[0m
  [4;36;1mSQL (3.9ms)[0m   [0;1mDROP TABLE "wiki_articles"[0m
  [4;35;1mSQL (2.4ms)[0m   [0mCREATE TABLE "wiki_articles" ("id" INTEGER PRIMARY KEY AUTOINCREMENT NOT NULL, "name" varchar(255), "version" integer DEFAULT 1 NOT NULL) [0m
  [4;36;1mSQL (0.6ms)[0m   [0;1m SELECT name
 FROM sqlite_master
 WHERE type = 'table' AND NOT name = 'sqlite_sequence'
[0m
  [4;35;1mSQL (2.1ms)[0m   [0mDROP TABLE "wiki_article_attributes"[0m
  [4;36;1mSQL (2.1ms)[0m   [0;1mCREATE TABLE "wiki_article_attributes" ("name" varchar(255), "value" varchar(255), "wiki_article_id" integer, "wiki_article_version" integer) [0m
  [4;35;1mSQL (1.1ms)[0m   [0m SELECT name
 FROM sqlite_master
 WHERE type = 'table' AND NOT name = 'sqlite_sequence'
[0m
  [4;36;1mSQL (3.0ms)[0m   [0;1mDROP TABLE "capitols"[0m
  [4;35;1mSQL (3.2ms)[0m   [0mCREATE TABLE "capitols" ("id" INTEGER PRIMARY KEY AUTOINCREMENT NOT NULL, "name" varchar(255)) [0m
  [4;36;1mSQL (0.8ms)[0m   [0;1m SELECT name
 FROM sqlite_master
 WHERE type = 'table' AND NOT name = 'sqlite_sequence'
[0m
  [4;35;1mSQL (2.7ms)[0m   [0mDROP TABLE "capitol_attributes"[0m
  [4;36;1mSQL (3.0ms)[0m   [0;1mCREATE TABLE "capitol_attributes" ("name" varchar(255), "value" varchar(255), "test_dummy_id" integer) [0m
  [4;35;1mSQL (0.7ms)[0m   [0m SELECT name
 FROM sqlite_master
 WHERE type = 'table' AND NOT name = 'sqlite_sequence'
[0m
  [4;36;1mSQL (0.2ms)[0m   [0;1mSELECT version FROM "schema_migrations"[0m
  [4;35;1mTestDummyAttribute Delete all (0.5ms)[0m   [0mDELETE FROM "test_dummy_attributes" WHERE (test_dummy_id = NULL) [0m
WARNING: Can't mass-assign these protected attributes: test_dummy_id
  [4;36;1mTestDummy Create (0.1ms)[0m   [0;1mINSERT INTO "test_dummies" ("name") VALUES('Paris')[0m
  [4;35;1mTestDummyAttribute Create (0.1ms)[0m   [0mINSERT INTO "test_dummy_attributes" ("name", "test_dummy_id", "value") VALUES('has_brie_and_cheese', 1, 't')[0m
  [4;36;1mTestDummyAttribute Delete all (0.3ms)[0m   [0;1mDELETE FROM "test_dummy_attributes" WHERE (test_dummy_id = NULL) [0m
WARNING: Can't mass-assign these protected attributes: test_dummy_id
WARNING: Can't mass-assign these protected attributes: test_dummy_id
WARNING: Can't mass-assign these protected attributes: test_dummy_id
  [4;35;1mTestDummy Create (0.1ms)[0m   [0mINSERT INTO "test_dummies" ("name") VALUES('Paris')[0m
  [4;36;1mTestDummyAttribute Create (0.1ms)[0m   [0;1mINSERT INTO "test_dummy_attributes" ("name", "test_dummy_id", "value") VALUES('has_brie_and_cheese', 1, 't')[0m
  [4;35;1mTestDummyAttribute Create (0.1ms)[0m   [0mINSERT INTO "test_dummy_attributes" ("name", "test_dummy_id", "value") VALUES('has_worlds_largest_erector_set_monument', 1, 't')[0m
  [4;36;1mTestDummyAttribute Create (0.1ms)[0m   [0;1mINSERT INTO "test_dummy_attributes" ("name", "test_dummy_id", "value") VALUES('is_smug', 1, 't')[0m
  [4;35;1mTestDummyAttribute Delete all (0.3ms)[0m   [0mDELETE FROM "test_dummy_attributes" WHERE (test_dummy_id = NULL) [0m
WARNING: Can't mass-assign these protected attributes: test_dummy_id
  [4;36;1mTestDummy Create (0.1ms)[0m   [0;1mINSERT INTO "test_dummies" ("name") VALUES(NULL)[0m
  [4;35;1mTestDummyAttribute Create (0.1ms)[0m   [0mINSERT INTO "test_dummy_attributes" ("name", "test_dummy_id", "value") VALUES('is_smug', 1, 't')[0m
  [4;36;1mTestDummyAttribute Load (0.2ms)[0m   [0;1mSELECT * FROM "test_dummy_attributes" WHERE ("test_dummy_attributes".test_dummy_id = 1) [0m
WARNING: Can't mass-assign these protected attributes: test_dummy_id
WARNING: Can't mass-assign these protected attributes: test_dummy_id
  [4;35;1mTestDummyAttribute Create (0.1ms)[0m   [0mINSERT INTO "test_dummy_attributes" ("name", "test_dummy_id", "value") VALUES('is_smug', 1, 'f')[0m
  [4;36;1mTestDummyAttribute Create (0.1ms)[0m   [0;1mINSERT INTO "test_dummy_attributes" ("name", "test_dummy_id", "value") VALUES('has_brie_and_cheese', 1, 't')[0m
  [4;35;1mTestDummyAttribute Delete all (0.4ms)[0m   [0mDELETE FROM "test_dummy_attributes" WHERE (test_dummy_id = NULL) [0m
WARNING: Can't mass-assign these protected attributes: test_dummy_id
  [4;36;1mTestDummy Create (0.1ms)[0m   [0;1mINSERT INTO "test_dummies" ("name") VALUES(NULL)[0m
  [4;35;1mTestDummyAttribute Create (0.2ms)[0m   [0mINSERT INTO "test_dummy_attributes" ("name", "test_dummy_id", "value") VALUES('is_smug', 1, 't')[0m
  [4;36;1mTestDummyAttribute Delete all (0.3ms)[0m   [0;1mDELETE FROM "test_dummy_attributes" WHERE (test_dummy_id = NULL) [0m
WARNING: Can't mass-assign these protected attributes: test_dummy_id
  [4;35;1mTestDummy Create (0.1ms)[0m   [0mINSERT INTO "test_dummies" ("name") VALUES(NULL)[0m
  [4;36;1mTestDummyAttribute Create (0.1ms)[0m   [0;1mINSERT INTO "test_dummy_attributes" ("name", "test_dummy_id", "value") VALUES('is_smug', 1, 't')[0m
  [4;35;1mTestDummyAttribute Delete all (0.1ms)[0m   [0mDELETE FROM "test_dummy_attributes" WHERE (test_dummy_id = 1) [0m
  [4;36;1mTestDummyAttribute Load (0.1ms)[0m   [0;1mSELECT * FROM "test_dummy_attributes" WHERE ("test_dummy_attributes".test_dummy_id = 1) [0m
  [4;35;1mWikiArticle Create (0.4ms)[0m   [0mINSERT INTO "wiki_articles" ("name", "version") VALUES('Visiting Zagreb', 1)[0m
  [4;36;1mWikiArticleAttribute Delete all (0.1ms)[0m   [0;1mDELETE FROM "wiki_article_attributes" WHERE (wiki_article_id = 1 AND wiki_article_version = 1) [0m
  [4;35;1mWikiArticleAttribute Load (0.1ms)[0m   [0mSELECT * FROM "wiki_article_attributes" WHERE ("wiki_article_attributes".wiki_article_id = 1) [0m
WARNING: Can't mass-assign these protected attributes: wiki_article_id
  [4;36;1mWikiArticleAttribute Create (0.1ms)[0m   [0;1mINSERT INTO "wiki_article_attributes" ("name", "wiki_article_version", "value", "wiki_article_id") VALUES('cold_fusion_invented_at', 1, '1995-03-05 03:19:58', 1)[0m
  [4;35;1mWikiArticle Create (0.4ms)[0m   [0mINSERT INTO "wiki_articles" ("name", "version") VALUES('Visiting Zagreb', 1)[0m
  [4;36;1mWikiArticleAttribute Delete all (0.1ms)[0m   [0;1mDELETE FROM "wiki_article_attributes" WHERE (wiki_article_id = 1 AND wiki_article_version = 1) [0m
  [4;35;1mWikiArticleAttribute Load (0.1ms)[0m   [0mSELECT * FROM "wiki_article_attributes" WHERE ("wiki_article_attributes".wiki_article_id = 1) [0m
WARNING: Can't mass-assign these protected attributes: wiki_article_id
  [4;36;1mWikiArticleAttribute Create (0.1ms)[0m   [0;1mINSERT INTO "wiki_article_attributes" ("name", "wiki_article_version", "value", "wiki_article_id") VALUES('cold_fusion_invented_at', 1, '1995-03-05 03:19:58', 1)[0m
  [4;35;1mWikiArticleAttribute Delete all (0.1ms)[0m   [0mDELETE FROM "wiki_article_attributes" WHERE (wiki_article_id = 1 AND wiki_article_version = 2) [0m
  [4;36;1mWikiArticleAttribute Load (0.2ms)[0m   [0;1mSELECT * FROM "wiki_article_attributes" WHERE ("wiki_article_attributes".wiki_article_id = 1) [0m
WARNING: Can't mass-assign these protected attributes: wiki_article_id
  [4;35;1mWikiArticle Update (0.4ms)[0m   [0mUPDATE "wiki_articles" SET "version" = 2 WHERE "id" = 1[0m
  [4;36;1mWikiArticleAttribute Create (0.1ms)[0m   [0;1mINSERT INTO "wiki_article_attributes" ("name", "wiki_article_version", "value", "wiki_article_id") VALUES('cold_fusion_invented_at', 2, 'Never', 1)[0m
  [4;35;1mWikiArticleAttribute Load (0.3ms)[0m   [0mSELECT * FROM "wiki_article_attributes" WHERE (wiki_article_id = 1) [0m
  [4;36;1mWikiArticle Create (0.3ms)[0m   [0;1mINSERT INTO "wiki_articles" ("name", "version") VALUES('Visiting Zagreb', 1)[0m
  [4;35;1mWikiArticleAttribute Delete all (0.1ms)[0m   [0mDELETE FROM "wiki_article_attributes" WHERE (wiki_article_id = 1 AND wiki_article_version = 1) [0m
  [4;36;1mWikiArticleAttribute Load (0.1ms)[0m   [0;1mSELECT * FROM "wiki_article_attributes" WHERE ("wiki_article_attributes".wiki_article_id = 1) [0m
WARNING: Can't mass-assign these protected attributes: wiki_article_id
  [4;35;1mWikiArticleAttribute Create (0.1ms)[0m   [0mINSERT INTO "wiki_article_attributes" ("name", "wiki_article_version", "value", "wiki_article_id") VALUES('cold_fusion_invented_at', 1, '1995-03-05 03:19:58', 1)[0m
  [4;36;1mWikiArticleAttribute Delete all (0.1ms)[0m   [0;1mDELETE FROM "wiki_article_attributes" WHERE (wiki_article_id = 1 AND wiki_article_version = 2) [0m
  [4;35;1mWikiArticleAttribute Load (0.2ms)[0m   [0mSELECT * FROM "wiki_article_attributes" WHERE ("wiki_article_attributes".wiki_article_id = 1) [0m
WARNING: Can't mass-assign these protected attributes: wiki_article_id
  [4;36;1mWikiArticle Update (0.4ms)[0m   [0;1mUPDATE "wiki_articles" SET "version" = 2 WHERE "id" = 1[0m
  [4;35;1mWikiArticleAttribute Create (0.1ms)[0m   [0mINSERT INTO "wiki_article_attributes" ("name", "wiki_article_version", "value", "wiki_article_id") VALUES('cold_fusion_invented_at', 2, 'Never', 1)[0m
  [4;36;1mWikiArticle Create (0.3ms)[0m   [0;1mINSERT INTO "wiki_articles" ("name", "version") VALUES('Visiting Zagreb', 1)[0m
  [4;35;1mWikiArticleAttribute Delete all (0.1ms)[0m   [0mDELETE FROM "wiki_article_attributes" WHERE (wiki_article_id = 1 AND wiki_article_version = 1) [0m
  [4;36;1mWikiArticleAttribute Load (0.1ms)[0m   [0;1mSELECT * FROM "wiki_article_attributes" WHERE ("wiki_article_attributes".wiki_article_id = 1) [0m
WARNING: Can't mass-assign these protected attributes: wiki_article_id
  [4;35;1mWikiArticleAttribute Create (0.1ms)[0m   [0mINSERT INTO "wiki_article_attributes" ("name", "wiki_article_version", "value", "wiki_article_id") VALUES('cold_fusion_invented_at', 1, '1995-03-05 03:19:58', 1)[0m
  [4;36;1mWikiArticleAttribute Delete all (0.1ms)[0m   [0;1mDELETE FROM "wiki_article_attributes" WHERE (wiki_article_id = 1 AND wiki_article_version = 2) [0m
  [4;35;1mWikiArticleAttribute Load (0.2ms)[0m   [0mSELECT * FROM "wiki_article_attributes" WHERE ("wiki_article_attributes".wiki_article_id = 1) [0m
WARNING: Can't mass-assign these protected attributes: wiki_article_id
  [4;36;1mWikiArticle Update (0.3ms)[0m   [0;1mUPDATE "wiki_articles" SET "version" = 2 WHERE "id" = 1[0m
  [4;35;1mWikiArticleAttribute Create (0.1ms)[0m   [0mINSERT INTO "wiki_article_attributes" ("name", "wiki_article_version", "value", "wiki_article_id") VALUES('cold_fusion_invented_at', 2, 'Never', 1)[0m
  [4;36;1mWikiArticleAttribute Load (0.3ms)[0m   [0;1mSELECT * FROM "wiki_article_attributes" WHERE (wiki_article_version <> 2) [0m
